<?xml version="1.0" encoding="UTF-8" ?>
<testsuite failures="0" time="1.191" errors="0" skipped="0" tests="4" name="nl.simonwhiteley.tests.integrationTest">
  <properties>
[...]
</properties>
  <testcase time="0.93" classname="nl.simonwhiteley.tests.integrationTest" name="testDecode2"/>
  <testcase time="0.083" classname="nl.simonwhiteley.tests.integrationTest" name="testEncode"/>
  <testcase time="0.088" classname="nl.simonwhiteley.tests.integrationTest" name="testEncode2"/>
  <testcase time="0.09" classname="nl.simonwhiteley.tests.integrationTest" name="testDecode"/>
</testsuite>